g:\git\gitproject\study-notes\datastruct\sortalgorithm\sortalgorithm\sortalgorithm\debug\vc142.pdb
g:\git\gitproject\study-notes\datastruct\sortalgorithm\sortalgorithm\sortalgorithm\debug\vc142.idb
g:\git\gitproject\study-notes\datastruct\sortalgorithm\sortalgorithm\sortalgorithm\debug\选择排序.obj
g:\git\gitproject\study-notes\datastruct\sortalgorithm\sortalgorithm\sortalgorithm\debug\冒泡排序.obj
g:\git\gitproject\study-notes\datastruct\sortalgorithm\sortalgorithm\debug\sortalgorithm.pdb
g:\git\gitproject\study-notes\datastruct\sortalgorithm\sortalgorithm\sortalgorithm\debug\sortalgorithm.tlog\cl.command.1.tlog
g:\git\gitproject\study-notes\datastruct\sortalgorithm\sortalgorithm\sortalgorithm\debug\sortalgorithm.tlog\cl.read.1.tlog
g:\git\gitproject\study-notes\datastruct\sortalgorithm\sortalgorithm\sortalgorithm\debug\sortalgorithm.tlog\cl.write.1.tlog
g:\git\gitproject\study-notes\datastruct\sortalgorithm\sortalgorithm\sortalgorithm\debug\sortalgorithm.tlog\link-cvtres.read.1.tlog
g:\git\gitproject\study-notes\datastruct\sortalgorithm\sortalgorithm\sortalgorithm\debug\sortalgorithm.tlog\link-cvtres.write.1.tlog
g:\git\gitproject\study-notes\datastruct\sortalgorithm\sortalgorithm\sortalgorithm\debug\sortalgorithm.tlog\link-rc.read.1.tlog
g:\git\gitproject\study-notes\datastruct\sortalgorithm\sortalgorithm\sortalgorithm\debug\sortalgorithm.tlog\link-rc.write.1.tlog
g:\git\gitproject\study-notes\datastruct\sortalgorithm\sortalgorithm\sortalgorithm\debug\sortalgorithm.tlog\link.16796-cvtres.read.1.tlog
g:\git\gitproject\study-notes\datastruct\sortalgorithm\sortalgorithm\sortalgorithm\debug\sortalgorithm.tlog\link.16796-cvtres.write.1.tlog
g:\git\gitproject\study-notes\datastruct\sortalgorithm\sortalgorithm\sortalgorithm\debug\sortalgorithm.tlog\link.16796-rc.read.1.tlog
g:\git\gitproject\study-notes\datastruct\sortalgorithm\sortalgorithm\sortalgorithm\debug\sortalgorithm.tlog\link.16796-rc.write.1.tlog
g:\git\gitproject\study-notes\datastruct\sortalgorithm\sortalgorithm\sortalgorithm\debug\sortalgorithm.tlog\link.16796.read.1.tlog
g:\git\gitproject\study-notes\datastruct\sortalgorithm\sortalgorithm\sortalgorithm\debug\sortalgorithm.tlog\link.16796.write.1.tlog
g:\git\gitproject\study-notes\datastruct\sortalgorithm\sortalgorithm\sortalgorithm\debug\sortalgorithm.tlog\link.command.1.tlog
g:\git\gitproject\study-notes\datastruct\sortalgorithm\sortalgorithm\sortalgorithm\debug\sortalgorithm.tlog\link.read.1.tlog
g:\git\gitproject\study-notes\datastruct\sortalgorithm\sortalgorithm\sortalgorithm\debug\sortalgorithm.tlog\link.write.1.tlog
